<?xml version="1.0" encoding="UTF-8"?>
<!-- Generated by org.testng.reporters.JUnitReportReporter -->
<testsuite hostname="Thangs-MBP.lan" failures="0" tests="2" name="com.liveguru.user.Level_03_Page_Object_Part_II" time="14.764" errors="0" timestamp="09 May 2023 17:00:54 GMT" skipped="0">
  <testcase classname="com.liveguru.user.Level_03_Page_Object_Part_II" name="TC_01_Register_Valid_Data" time="8.236"/>
  <testcase classname="com.liveguru.user.Level_03_Page_Object_Part_II" name="TC_02_Addrress_Add_Address_Book" time="6.528"/>
</testsuite> <!-- com.liveguru.user.Level_03_Page_Object_Part_II -->
