<?xml version="1.0" encoding="UTF-8"?>
<!-- Generated by org.testng.reporters.JUnitReportReporter -->
<testsuite hostname="Thangs-MBP.lan" failures="0" tests="1" name="com.liveguru.user.User_03_Forgot_Passwork" time="0.006" errors="0" timestamp="17 May 2023 17:35:37 GMT" skipped="0">
  <testcase classname="com.liveguru.user.User_03_Forgot_Passwork" name="f" time="0.006"/>
</testsuite> <!-- com.liveguru.user.User_03_Forgot_Passwork -->
