<?xml version="1.0" encoding="UTF-8"?>
<!-- Generated by org.testng.reporters.JUnitReportReporter -->
<testsuite hostname="Thangs-MacBook-Pro.local" failures="0" tests="7" name="com.jqueryscript.Handle_Data_Table" time="43.636" errors="1" timestamp="26 May 2023 17:05:22 GMT" skipped="2">
  <testcase classname="com.jqueryscript.Handle_Data_Table" name="TC_02_Pagenation_Jquery" time="2.643"/>
  <testcase classname="com.jqueryscript.Handle_Data_Table" name="beforeClass" time="21.226">
    <error message="Reached error page: about:neterror?e=dnsNotFound&amp;u=https%3A//www.jqueryscript.net/demo/CRUD-Data-Grid-Plugin-jQuery-Quickgrid/&amp;c=UTF-8&amp;d=Ch%C3%BAng%20t%C3%B4i%20kh%C3%B4ng%20th%E1%BB%83%20k%E1%BA%BFt%20n%E1%BB%91i%20%C4%91%E1%BA%BFn%20m%C3%A1y%20ch%E1%BB%A7%20t%E1%BA%A1i%20www.jqueryscript.net.
Build info: version: &#039;3.14.0&#039;, revision: &#039;aacccce0&#039;, time: &#039;2018-08-02T20:13:22.693Z&#039;
System info: host: &#039;Thangs-MacBook-Pro.local&#039;, ip: &#039;fe80:0:0:0:8b2:87a8:891:3b0b%en0&#039;, os.name: &#039;Mac OS X&#039;, os.arch: &#039;x86_64&#039;, os.version: &#039;12.0.1&#039;, java.version: &#039;17.0.3&#039;
Driver info: org.openqa.selenium.firefox.FirefoxDriver
Capabilities {acceptInsecureCerts: true, browserName: firefox, browserVersion: 112.0, javascriptEnabled: true, moz:accessibilityChecks: false, moz:buildID: 20230406114409, moz:geckodriverVersion: 0.33.0, moz:headless: false, moz:platformVersion: 21.1.0, moz:processID: 42958, moz:profile: /var/folders/c8/s8mqtxl53_3..., moz:shutdownTimeout: 60000, moz:useNonSpecCompliantPointerOrigin: false, moz:webdriverClick: true, moz:windowless: false, pageLoadStrategy: normal, platform: MAC, platformName: MAC, proxy: Proxy(), setWindowRect: true, strictFileInteractability: false, timeouts: {implicit: 0, pageLoad: 300000, script: 30000}, unhandledPromptBehavior: dismiss and notify}
Session ID: 66abf81f-f061-4622-94bc-585838e71cff" type="org.openqa.selenium.WebDriverException">
      <![CDATA[org.openqa.selenium.WebDriverException: Reached error page: about:neterror?e=dnsNotFound&u=https%3A//www.jqueryscript.net/demo/CRUD-Data-Grid-Plugin-jQuery-Quickgrid/&c=UTF-8&d=Ch%C3%BAng%20t%C3%B4i%20kh%C3%B4ng%20th%E1%BB%83%20k%E1%BA%BFt%20n%E1%BB%91i%20%C4%91%E1%BA%BFn%20m%C3%A1y%20ch%E1%BB%A7%20t%E1%BA%A1i%20www.jqueryscript.net.
Build info: version: '3.14.0', revision: 'aacccce0', time: '2018-08-02T20:13:22.693Z'
System info: host: 'Thangs-MacBook-Pro.local', ip: 'fe80:0:0:0:8b2:87a8:891:3b0b%en0', os.name: 'Mac OS X', os.arch: 'x86_64', os.version: '12.0.1', java.version: '17.0.3'
Driver info: org.openqa.selenium.firefox.FirefoxDriver
Capabilities {acceptInsecureCerts: true, browserName: firefox, browserVersion: 112.0, javascriptEnabled: true, moz:accessibilityChecks: false, moz:buildID: 20230406114409, moz:geckodriverVersion: 0.33.0, moz:headless: false, moz:platformVersion: 21.1.0, moz:processID: 42958, moz:profile: /var/folders/c8/s8mqtxl53_3..., moz:shutdownTimeout: 60000, moz:useNonSpecCompliantPointerOrigin: false, moz:webdriverClick: true, moz:windowless: false, pageLoadStrategy: normal, platform: MAC, platformName: MAC, proxy: Proxy(), setWindowRect: true, strictFileInteractability: false, timeouts: {implicit: 0, pageLoad: 300000, script: 30000}, unhandledPromptBehavior: dismiss and notify}
Session ID: 66abf81f-f061-4622-94bc-585838e71cff
at java.base/jdk.internal.reflect.NativeConstructorAccessorImpl.newInstance0(Native Method)
at java.base/jdk.internal.reflect.NativeConstructorAccessorImpl.newInstance(NativeConstructorAccessorImpl.java:77)
at java.base/jdk.internal.reflect.DelegatingConstructorAccessorImpl.newInstance(DelegatingConstructorAccessorImpl.java:45)
at java.base/java.lang.reflect.Constructor.newInstanceWithCaller(Constructor.java:499)
at java.base/java.lang.reflect.Constructor.newInstance(Constructor.java:480)
at org.openqa.selenium.remote.http.W3CHttpResponseCodec.createException(W3CHttpResponseCodec.java:187)
at org.openqa.selenium.remote.http.W3CHttpResponseCodec.decode(W3CHttpResponseCodec.java:122)
at org.openqa.selenium.remote.http.W3CHttpResponseCodec.decode(W3CHttpResponseCodec.java:49)
at org.openqa.selenium.remote.HttpCommandExecutor.execute(HttpCommandExecutor.java:158)
at org.openqa.selenium.remote.service.DriverCommandExecutor.execute(DriverCommandExecutor.java:83)
at org.openqa.selenium.remote.RemoteWebDriver.execute(RemoteWebDriver.java:548)
at org.openqa.selenium.remote.RemoteWebDriver.get(RemoteWebDriver.java:276)
at commons.AbstractTest.getBrowser(AbstractTest.java:38)
at com.jqueryscript.Handle_Data_Table.beforeClass(Handle_Data_Table.java:21)
at java.base/jdk.internal.reflect.NativeMethodAccessorImpl.invoke0(Native Method)
at java.base/jdk.internal.reflect.NativeMethodAccessorImpl.invoke(NativeMethodAccessorImpl.java:77)
at java.base/jdk.internal.reflect.DelegatingMethodAccessorImpl.invoke(DelegatingMethodAccessorImpl.java:43)
at java.base/java.lang.reflect.Method.invoke(Method.java:568)
at org.testng.internal.MethodInvocationHelper.invokeMethod(MethodInvocationHelper.java:124)
at org.testng.internal.MethodInvocationHelper.invokeMethodConsideringTimeout(MethodInvocationHelper.java:59)
at org.testng.internal.Invoker.invokeConfigurationMethod(Invoker.java:458)
at org.testng.internal.Invoker.invokeConfigurations(Invoker.java:222)
at org.testng.internal.Invoker.invokeConfigurations(Invoker.java:142)
at org.testng.internal.TestMethodWorker.invokeBeforeClassMethods(TestMethodWorker.java:168)
at org.testng.internal.TestMethodWorker.run(TestMethodWorker.java:105)
at org.testng.TestRunner.privateRun(TestRunner.java:648)
at org.testng.TestRunner.run(TestRunner.java:505)
at org.testng.SuiteRunner.runTest(SuiteRunner.java:455)
at org.testng.SuiteRunner.runSequentially(SuiteRunner.java:450)
at org.testng.SuiteRunner.privateRun(SuiteRunner.java:415)
at org.testng.SuiteRunner.run(SuiteRunner.java:364)
at org.testng.SuiteRunnerWorker.runSuite(SuiteRunnerWorker.java:52)
at org.testng.SuiteRunnerWorker.run(SuiteRunnerWorker.java:84)
at org.testng.TestNG.runSuitesSequentially(TestNG.java:1208)
at org.testng.TestNG.runSuitesLocally(TestNG.java:1137)
at org.testng.TestNG.runSuites(TestNG.java:1049)
at org.testng.TestNG.run(TestNG.java:1017)
at org.testng.remote.AbstractRemoteTestNG.run(AbstractRemoteTestNG.java:115)
at org.testng.remote.RemoteTestNG.initAndRun(RemoteTestNG.java:251)
at org.testng.remote.RemoteTestNG.main(RemoteTestNG.java:77)
]]>
    </error>
  </testcase> <!-- beforeClass -->
  <testcase classname="com.jqueryscript.Handle_Data_Table" name="TC_01_Senkey_Edit_Remove" time="5.627"/>
  <testcase classname="com.jqueryscript.Handle_Data_Table" name="TC_01_Senkey_Edit_Remove" time="10.125"/>
  <testcase classname="com.jqueryscript.Handle_Data_Table" name="TC_02_Pagenation_Jquery" time="4.015"/>
  <testcase classname="com.jqueryscript.Handle_Data_Table" name="TC_01_Senkey_Edit_Remove" time="0.000">
    <skipped/>
  </testcase> <!-- TC_01_Senkey_Edit_Remove -->
  <testcase classname="com.jqueryscript.Handle_Data_Table" name="TC_02_Pagenation_Jquery" time="0.000">
    <skipped/>
  </testcase> <!-- TC_02_Pagenation_Jquery -->
</testsuite> <!-- com.jqueryscript.Handle_Data_Table -->
