<?xml version="1.0" encoding="UTF-8"?>
<!-- Generated by org.testng.reporters.JUnitReportReporter -->
<testsuite hostname="Thangs-MBP.lan" failures="0" tests="5" name="com.liveguru.user.Level_02_Common_Function_01" time="12.386" errors="0" timestamp="23 Apr 2023 18:48:17 GMT" skipped="0">
  <testcase classname="com.liveguru.user.Level_02_Common_Function_01" name="Register_05_Valid_Data" time="3.487"/>
  <testcase classname="com.liveguru.user.Level_02_Common_Function_01" name="Register_01_Emty_Data" time="2.108"/>
  <testcase classname="com.liveguru.user.Level_02_Common_Function_01" name="Register_03_Password_Less_Than_6_chars" time="2.032"/>
  <testcase classname="com.liveguru.user.Level_02_Common_Function_01" name="Register_02_Invalid_Email" time="2.565"/>
  <testcase classname="com.liveguru.user.Level_02_Common_Function_01" name="Register_04_Confirm_Password_Not_Matching_Password" time="2.194"/>
</testsuite> <!-- com.liveguru.user.Level_02_Common_Function_01 -->
