<?xml version="1.0" encoding="UTF-8"?>
<!-- Generated by org.testng.reporters.JUnitReportReporter -->
<testsuite hostname="Thangs-MBP.lan" failures="0" tests="1" name="com.liveguru.user.Level_04_Page_Factory" time="2.612" errors="0" timestamp="08 May 2023 17:19:50 GMT" skipped="0">
  <testcase classname="com.liveguru.user.Level_04_Page_Factory" name="Register_01_Valid_Data" time="2.612"/>
</testsuite> <!-- com.liveguru.user.Level_04_Page_Factory -->
