<?xml version="1.0" encoding="UTF-8"?>
<!-- Generated by org.testng.reporters.JUnitReportReporter -->
<testsuite hostname="Thangs-MBP.lan" failures="0" tests="1" name="com.liveguru.user.test" time="0.006" errors="0" timestamp="21 Apr 2023 19:14:44 GMT" skipped="0">
  <testcase classname="com.liveguru.user.test" name="f" time="0.006"/>
</testsuite> <!-- com.liveguru.user.test -->
