<?xml version="1.0" encoding="UTF-8"?>
<!-- Generated by org.testng.reporters.JUnitReportReporter -->
<testsuite hostname="Thangs-MBP.lan" failures="0" tests="5" name="com.liveguru.user.User_01_Register_To_System" time="13.243" errors="0" timestamp="22 Apr 2023 10:31:23 GMT" skipped="0">
  <testcase classname="com.liveguru.user.User_01_Register_To_System" name="Register_05_Valid_Data" time="4.472"/>
  <testcase classname="com.liveguru.user.User_01_Register_To_System" name="Register_04_Confirm_Password_Not_Matching_Password" time="2.130"/>
  <testcase classname="com.liveguru.user.User_01_Register_To_System" name="Register_02_Invalid_Email" time="2.140"/>
  <testcase classname="com.liveguru.user.User_01_Register_To_System" name="Register_01_Emty_Data" time="2.315"/>
  <testcase classname="com.liveguru.user.User_01_Register_To_System" name="Register_03_Password_Less_Than_6_chars" time="2.186"/>
</testsuite> <!-- com.liveguru.user.User_01_Register_To_System -->
