<?xml version="1.0" encoding="UTF-8"?>
<!-- Generated by org.testng.reporters.JUnitReportReporter -->
<testsuite hostname="Thangs-MBP.lan" failures="0" tests="3" name="com.liveguru.user.Level_04_Multiple_Browser_Parallel" time="15.448" errors="0" timestamp="10 May 2023 16:31:03 GMT" skipped="0">
  <testcase classname="com.liveguru.user.Level_04_Multiple_Browser_Parallel" name="Register_01_Valid_Data" time="6.712"/>
  <testcase classname="com.liveguru.user.Level_04_Multiple_Browser_Parallel" name="Register_01_Valid_Data" time="6.265"/>
  <testcase classname="com.liveguru.user.Level_04_Multiple_Browser_Parallel" name="Register_01_Valid_Data" time="2.471"/>
</testsuite> <!-- com.liveguru.user.Level_04_Multiple_Browser_Parallel -->
