<?xml version="1.0" encoding="UTF-8"?>
<!-- Generated by org.testng.reporters.JUnitReportReporter -->
<testsuite hostname="Thangs-MBP.lan" failures="0" tests="3" name="com.liveguru.user.Level_05_Life_Cycle" time="19.098" errors="0" timestamp="19 May 2023 17:04:53 GMT" skipped="0">
  <testcase classname="com.liveguru.user.Level_05_Life_Cycle" name="TC_01_Switch_Pages" time="6.596"/>
  <testcase classname="com.liveguru.user.Level_05_Life_Cycle" name="TC_01_Switch_Pages" time="9.098"/>
  <testcase classname="com.liveguru.user.Level_05_Life_Cycle" name="TC_01_Switch_Pages" time="3.404"/>
</testsuite> <!-- com.liveguru.user.Level_05_Life_Cycle -->
