<?xml version="1.0" encoding="UTF-8"?>
<!-- Generated by org.testng.reporters.JUnitReportReporter -->
<testsuite hostname="Thangs-MBP.lan" failures="0" tests="1" name="com.liveguru.user.Level_04_Page_Generator_Manager" time="2.220" errors="0" timestamp="14 May 2023 17:06:20 GMT" skipped="0">
  <testcase classname="com.liveguru.user.Level_04_Page_Generator_Manager" name="Register_01_Valid_Data" time="2.220"/>
</testsuite> <!-- com.liveguru.user.Level_04_Page_Generator_Manager -->
