<?xml version="1.0" encoding="UTF-8"?>
<!-- Generated by org.testng.reporters.JUnitReportReporter -->
<testsuite hostname="Thangs-MBP.lan" failures="0" tests="5" name="com.liveguru.user.Level_02_Common_Function_02" time="11.125" errors="0" timestamp="23 Apr 2023 18:48:17 GMT" skipped="0">
  <testcase classname="com.liveguru.user.Level_02_Common_Function_02" name="Register_04_Confirm_Password_Not_Matching_Password" time="1.921"/>
  <testcase classname="com.liveguru.user.Level_02_Common_Function_02" name="Register_01_Emty_Data" time="1.936"/>
  <testcase classname="com.liveguru.user.Level_02_Common_Function_02" name="Register_03_Password_Less_Than_6_chars" time="2.073"/>
  <testcase classname="com.liveguru.user.Level_02_Common_Function_02" name="Register_02_Invalid_Email" time="1.987"/>
  <testcase classname="com.liveguru.user.Level_02_Common_Function_02" name="Register_05_Valid_Data" time="3.208"/>
</testsuite> <!-- com.liveguru.user.Level_02_Common_Function_02 -->
